<?xml version="1.0" encoding="UTF-8"?>
<!-- Generated by org.testng.reporters.JUnitReportReporter -->
<testsuite name="Test.request" tests="1" time="3.940" ignored="0" failures="0" timestamp="03 Nov 2019 15:04:00 GMT" skipped="0" hostname="LAPTOP-3AR9S4LI" errors="0">
  <testcase name="test" time="3.940" classname="Test.request"/>
</testsuite> <!-- Test.request -->
